Total messages: 6 (Errors: 3, Warnings: 3)

[WARNING] An iframe which has both allow-scripts and allow-same-origin for its sandbox attribute can escape its sandboxing. @ about:blank:0
[WARNING] An iframe which has both allow-scripts and allow-same-origin for its sandbox attribute can escape its sandboxing. @ about:blank:0
[WARNING] An iframe which has both allow-scripts and allow-same-origin for its sandbox attribute can escape its sandboxing. @ about:blank:0
TypeError: EMPLOYEES.forEach is not a function
    at <anonymous>:30:15
TypeError: (emp.EmpID || "").toLowerCase is not a function
    at renderCard (<anonymous>:54:50)
    at Array.map (<anonymous>)
    at renderGrid (<anonymous>:115:34)
    at <anonymous>:119:5
    at Cu (https://n-cxi7xh6htfucfwel5e27v4dvm6sn2jqjn7ygtjq-0lu-script.googleusercontent.com/static/macros/client/js/1258037904-mae_html_user_bin_i18n_mae_html_user__en_gb.js:336:101)
    at https://n-cxi7xh6htfucfwel5e27v4dvm6sn2jqjn7ygtjq-0lu-script.googleusercontent.com/static/macros/client/js/1258037904-mae_html_user_bin_i18n_mae_html_user__en_gb.js:59:132
    at Np (https://n-cxi7xh6htfucfwel5e27v4dvm6sn2jqjn7ygtjq-0lu-script.googleusercontent.com/static/macros/client/js/1258037904-mae_html_user_bin_i18n_mae_html_user__en_gb.js:202:481)
    at c (https://n-cxi7xh6htfucfwel5e27v4dvm6sn2jqjn7ygtjq-0lu-script.googleusercontent.com/static/macros/client/js/1258037904-mae_html_user_bin_i18n_mae_html_user__en_gb.js:302:510)
    at a (https://n-cxi7xh6htfucfwel5e27v4dvm6sn2jqjn7ygtjq-0lu-script.googleusercontent.com/static/macros/client/js/1258037904-mae_html_user_bin_i18n_mae_html_user__en_gb.js:200:52)
TypeError: (emp.EmpID || "").toLowerCase is not a function
    at renderCard (<anonymous>:54:50)
    at Array.map (<anonymous>)
    at renderGrid (<anonymous>:115:34)
    at <anonymous>:119:5
    at Cu (https://n-cxi7xh6htfucfwel5e27v4dvm6sn2jqjn7ygtjq-0lu-script.googleusercontent.com/static/macros/client/js/1258037904-mae_html_user_bin_i18n_mae_html_user__en_gb.js:336:101)
    at https://n-cxi7xh6htfucfwel5e27v4dvm6sn2jqjn7ygtjq-0lu-script.googleusercontent.com/static/macros/client/js/1258037904-mae_html_user_bin_i18n_mae_html_user__en_gb.js:59:132
    at Np (https://n-cxi7xh6htfucfwel5e27v4dvm6sn2jqjn7ygtjq-0lu-script.googleusercontent.com/static/macros/client/js/1258037904-mae_html_user_bin_i18n_mae_html_user__en_gb.js:202:481)
    at c (https://n-cxi7xh6htfucfwel5e27v4dvm6sn2jqjn7ygtjq-0lu-script.googleusercontent.com/static/macros/client/js/1258037904-mae_html_user_bin_i18n_mae_html_user__en_gb.js:302:510)
    at a (https://n-cxi7xh6htfucfwel5e27v4dvm6sn2jqjn7ygtjq-0lu-script.googleusercontent.com/static/macros/client/js/1258037904-mae_html_user_bin_i18n_mae_html_user__en_gb.js:200:52)